time="2023-06-06 14:36:45" level=info msg="/Users/wucongxing/Desktop/work/go/hospital-admin-api/api/dao/adminRole.go:14\n[84.130ms] [rows:1] SELECT * FROM `gdxz_admin_role` WHERE `gdxz_admin_role`.`role_id` = ? ORDER BY `gdxz_admin_role`.`role_id` LIMIT 1"
time="2023-06-06 14:36:45" level=info msg="/Users/wucongxing/Desktop/work/go/hospital-admin-api/api/dao/AdminRoleMenu.go:14\n[100.785ms] [rows:1] SELECT * FROM `gdxz_admin_menu` WHERE `gdxz_admin_menu`.`menu_id` = ?"
time="2023-06-06 14:36:45" level=info msg="/Users/wucongxing/Desktop/work/go/hospital-admin-api/api/dao/AdminRoleMenu.go:14\n[189.348ms] [rows:1] SELECT * FROM `gdxz_admin_role_menu` WHERE role_id = ?"
time="2023-06-06 14:36:46" level=info msg="/Users/wucongxing/Desktop/work/go/hospital-admin-api/api/dao/adminMenuApi.go:14\n[88.543ms] [rows:1] SELECT * FROM `gdxz_admin_api` WHERE `gdxz_admin_api`.`api_id` = ?"
time="2023-06-06 14:36:46" level=info msg="/Users/wucongxing/Desktop/work/go/hospital-admin-api/api/dao/adminMenuApi.go:14\n[169.302ms] [rows:1] SELECT * FROM `gdxz_admin_menu_api` WHERE menu_id = ?"
time="2023-06-06 14:36:46" level=info msg=access http_status=200 ip=127.0.0.1 method=GET total_time=528.68225ms uri=/admin/basic/captcha-test/1
time="2023-06-06 15:09:41" level=info msg="/Users/wucongxing/Desktop/work/go/hospital-admin-api/api/dao/adminRole.go:14\n[98.702ms] [rows:1] SELECT * FROM `gdxz_admin_role` WHERE `gdxz_admin_role`.`role_id` = ? ORDER BY `gdxz_admin_role`.`role_id` LIMIT 1"
time="2023-06-06 15:09:41" level=info msg="/Users/wucongxing/Desktop/work/go/hospital-admin-api/api/dao/AdminRoleMenu.go:14\n[221.220ms] [rows:1] SELECT * FROM `gdxz_admin_menu` WHERE `gdxz_admin_menu`.`menu_id` = ?"
time="2023-06-06 15:09:41" level=info msg="/Users/wucongxing/Desktop/work/go/hospital-admin-api/api/dao/AdminRoleMenu.go:14\n[299.774ms] [rows:1] SELECT * FROM `gdxz_admin_role_menu` WHERE role_id = ?"
time="2023-06-06 15:09:41" level=info msg="/Users/wucongxing/Desktop/work/go/hospital-admin-api/api/dao/adminMenuApi.go:14\n[75.749ms] [rows:2] SELECT * FROM `gdxz_admin_api` WHERE `gdxz_admin_api`.`api_id` IN (?,?)"
time="2023-06-06 15:09:41" level=info msg="/Users/wucongxing/Desktop/work/go/hospital-admin-api/api/dao/adminMenuApi.go:14\n[182.156ms] [rows:2] SELECT * FROM `gdxz_admin_menu_api` WHERE menu_id = ?"
time="2023-06-06 15:09:41" level=info msg=access http_status=500 ip=127.0.0.1 method=GET total_time=835.040875ms uri=/admin/basic/captcha-test/1
time="2023-06-06 15:11:02" level=info msg="/Users/wucongxing/Desktop/work/go/hospital-admin-api/api/dao/adminRole.go:14\n[102.410ms] [rows:1] SELECT * FROM `gdxz_admin_role` WHERE `gdxz_admin_role`.`role_id` = ? ORDER BY `gdxz_admin_role`.`role_id` LIMIT 1"
time="2023-06-06 15:11:03" level=info msg="/Users/wucongxing/Desktop/work/go/hospital-admin-api/api/dao/AdminRoleMenu.go:14\n[166.428ms] [rows:1] SELECT * FROM `gdxz_admin_menu` WHERE `gdxz_admin_menu`.`menu_id` = ?"
time="2023-06-06 15:11:03" level=info msg="/Users/wucongxing/Desktop/work/go/hospital-admin-api/api/dao/AdminRoleMenu.go:14\n[257.249ms] [rows:1] SELECT * FROM `gdxz_admin_role_menu` WHERE role_id = ?"
time="2023-06-06 15:11:03" level=info msg="/Users/wucongxing/Desktop/work/go/hospital-admin-api/api/dao/adminMenuApi.go:14\n[68.514ms] [rows:2] SELECT * FROM `gdxz_admin_api` WHERE `gdxz_admin_api`.`api_id` IN (?,?)"
time="2023-06-06 15:11:03" level=info msg="/Users/wucongxing/Desktop/work/go/hospital-admin-api/api/dao/adminMenuApi.go:14\n[135.282ms] [rows:2] SELECT * FROM `gdxz_admin_menu_api` WHERE menu_id = ?"
time="2023-06-06 15:11:03" level=info msg=access http_status=500 ip=127.0.0.1 method=GET total_time=552.523542ms uri=/admin/basic/captcha-test/1
time="2023-06-06 15:17:24" level=info msg="/Users/wucongxing/Desktop/work/go/hospital-admin-api/api/dao/adminRole.go:14\n[94.810ms] [rows:1] SELECT * FROM `gdxz_admin_role` WHERE `gdxz_admin_role`.`role_id` = ? ORDER BY `gdxz_admin_role`.`role_id` LIMIT 1"
time="2023-06-06 15:17:24" level=info msg="/Users/wucongxing/Desktop/work/go/hospital-admin-api/api/dao/AdminRoleMenu.go:14\n[80.588ms] [rows:1] SELECT * FROM `gdxz_admin_menu` WHERE `gdxz_admin_menu`.`menu_id` = ?"
time="2023-06-06 15:17:24" level=info msg="/Users/wucongxing/Desktop/work/go/hospital-admin-api/api/dao/AdminRoleMenu.go:14\n[175.060ms] [rows:1] SELECT * FROM `gdxz_admin_role_menu` WHERE role_id = ?"
time="2023-06-06 15:17:24" level=info msg="/Users/wucongxing/Desktop/work/go/hospital-admin-api/api/dao/adminMenuApi.go:14\n[99.575ms] [rows:2] SELECT * FROM `gdxz_admin_api` WHERE `gdxz_admin_api`.`api_id` IN (?,?)"
time="2023-06-06 15:17:24" level=info msg="/Users/wucongxing/Desktop/work/go/hospital-admin-api/api/dao/adminMenuApi.go:14\n[341.229ms] [rows:2] SELECT * FROM `gdxz_admin_menu_api` WHERE menu_id = ?"
time="2023-06-06 15:17:24" level=info msg="测试" name="[0x140000017a0 0x140000018c0]"
time="2023-06-06 15:17:24" level=info msg=access http_status=500 ip=127.0.0.1 method=GET total_time=653.774792ms uri=/admin/basic/captcha-test/1
time="2023-06-06 15:18:53" level=info msg="/Users/wucongxing/Desktop/work/go/hospital-admin-api/api/dao/adminRole.go:14\n[81.476ms] [rows:1] SELECT * FROM `gdxz_admin_role` WHERE `gdxz_admin_role`.`role_id` = ? ORDER BY `gdxz_admin_role`.`role_id` LIMIT 1"
time="2023-06-06 15:18:53" level=info msg="/Users/wucongxing/Desktop/work/go/hospital-admin-api/api/dao/AdminRoleMenu.go:14\n[80.023ms] [rows:1] SELECT * FROM `gdxz_admin_menu` WHERE `gdxz_admin_menu`.`menu_id` = ?"
time="2023-06-06 15:18:53" level=info msg="/Users/wucongxing/Desktop/work/go/hospital-admin-api/api/dao/AdminRoleMenu.go:14\n[164.197ms] [rows:1] SELECT * FROM `gdxz_admin_role_menu` WHERE role_id = ?"
time="2023-06-06 15:18:54" level=info msg="/Users/wucongxing/Desktop/work/go/hospital-admin-api/api/dao/adminMenuApi.go:14\n[92.460ms] [rows:2] SELECT * FROM `gdxz_admin_api` WHERE `gdxz_admin_api`.`api_id` IN (?,?)"
time="2023-06-06 15:18:54" level=info msg="/Users/wucongxing/Desktop/work/go/hospital-admin-api/api/dao/adminMenuApi.go:14\n[286.156ms] [rows:2] SELECT * FROM `gdxz_admin_menu_api` WHERE menu_id = ?"
time="2023-06-06 15:18:54" level=info msg="测试" name="[{\"menu_id\":1,\"api_id\":1,\"Menu\":{\"created_at\":\"0001-01-01 00:00:00\",\"updated_at\":\"0001-01-01 00:00:00\",\"menu_id\":0,\"menu_name\":\"\",\"parent_id\":0,\"menu_status\":0,\"menu_type\":0,\"permission\":\"\",\"order_num\":0,\"icon\":\"\",\"path\":\"\"},\"API\":{\"created_at\":\"2023-06-06 13:42:41\",\"updated_at\":\"2023-06-06 13:42:43\",\"api_id\":1,\"api_name\":\"测试\",\"api_path\":\"/admin/basic/captcha-test/:id\",\"api_method\":\"get\"}},{\"menu_id\":1,\"api_id\":2,\"Menu\":{\"created_at\":\"0001-01-01 00:00:00\",\"updated_at\":\"0001-01-01 00:00:00\",\"menu_id\":0,\"menu_name\":\"\",\"parent_id\":0,\"menu_status\":0,\"menu_type\":0,\"permission\":\"\",\"order_num\":0,\"icon\":\"\",\"path\":\"\"},\"API\":{\"created_at\":\"2023-06-06 14:49:19\",\"updated_at\":\"2023-06-06 14:49:21\",\"api_id\":2,\"api_name\":\"测试2\",\"api_path\":\"/admin/basic/captcha\",\"api_method\":\"get\"}}]"
time="2023-06-06 15:18:54" level=info msg=access http_status=500 ip=127.0.0.1 method=GET total_time=566.206791ms uri=/admin/basic/captcha-test/1
time="2023-06-06 15:21:12" level=info msg="/Users/wucongxing/Desktop/work/go/hospital-admin-api/api/dao/adminRole.go:14\n[69.381ms] [rows:1] SELECT * FROM `gdxz_admin_role` WHERE `gdxz_admin_role`.`role_id` = ? ORDER BY `gdxz_admin_role`.`role_id` LIMIT 1"
time="2023-06-06 15:21:12" level=info msg="/Users/wucongxing/Desktop/work/go/hospital-admin-api/api/dao/AdminRoleMenu.go:14\n[68.409ms] [rows:1] SELECT * FROM `gdxz_admin_menu` WHERE `gdxz_admin_menu`.`menu_id` = ?"
time="2023-06-06 15:21:12" level=info msg="/Users/wucongxing/Desktop/work/go/hospital-admin-api/api/dao/AdminRoleMenu.go:14\n[164.321ms] [rows:1] SELECT * FROM `gdxz_admin_role_menu` WHERE role_id = ?"
time="2023-06-06 15:21:13" level=info msg="/Users/wucongxing/Desktop/work/go/hospital-admin-api/api/dao/adminMenuApi.go:14\n[251.197ms] [rows:2] SELECT * FROM `gdxz_admin_api` WHERE `gdxz_admin_api`.`api_id` IN (?,?)"
time="2023-06-06 15:21:13" level=info msg="/Users/wucongxing/Desktop/work/go/hospital-admin-api/api/dao/adminMenuApi.go:14\n[322.602ms] [rows:2] SELECT * FROM `gdxz_admin_menu_api` WHERE menu_id = ?"
time="2023-06-06 15:21:13" level=info msg="测试" name="[{\"menu_id\":1,\"api_id\":1,\"Menu\":{\"created_at\":\"0001-01-01 00:00:00\",\"updated_at\":\"0001-01-01 00:00:00\",\"menu_id\":0,\"menu_name\":\"\",\"parent_id\":0,\"menu_status\":0,\"menu_type\":0,\"permission\":\"\",\"order_num\":0,\"icon\":\"\",\"path\":\"\"},\"API\":{\"created_at\":\"2023-06-06 13:42:41\",\"updated_at\":\"2023-06-06 13:42:43\",\"api_id\":1,\"api_name\":\"测试\",\"api_path\":\"/admin/basic/captcha-test/:id\",\"api_method\":\"get\"}},{\"menu_id\":1,\"api_id\":2,\"Menu\":{\"created_at\":\"0001-01-01 00:00:00\",\"updated_at\":\"0001-01-01 00:00:00\",\"menu_id\":0,\"menu_name\":\"\",\"parent_id\":0,\"menu_status\":0,\"menu_type\":0,\"permission\":\"\",\"order_num\":0,\"icon\":\"\",\"path\":\"\"},\"API\":{\"created_at\":\"2023-06-06 14:49:19\",\"updated_at\":\"2023-06-06 14:49:21\",\"api_id\":2,\"api_name\":\"测试2\",\"api_path\":\"/admin/basic/captcha\",\"api_method\":\"get\"}}]"
time="2023-06-06 15:21:13" level=info msg=access http_status=200 ip=127.0.0.1 method=GET total_time=589.1385ms uri=/admin/basic/captcha-test/1
time="2023-06-06 15:48:37" level=info msg="/Users/wucongxing/Desktop/work/go/hospital-admin-api/api/dao/adminUser.go:14\n[82.060ms] [rows:1] SELECT * FROM `gdxz_admin_user` WHERE `gdxz_admin_user`.`user_id` = ? ORDER BY `gdxz_admin_user`.`user_id` LIMIT 1"
time="2023-06-06 15:48:37" level=info msg="/Users/wucongxing/Desktop/work/go/hospital-admin-api/api/dao/adminRole.go:14\n[81.938ms] [rows:1] SELECT * FROM `gdxz_admin_role` WHERE `gdxz_admin_role`.`role_id` = ? ORDER BY `gdxz_admin_role`.`role_id` LIMIT 1"
time="2023-06-06 15:48:37" level=info msg="/Users/wucongxing/Desktop/work/go/hospital-admin-api/api/dao/adminRoleMenu.go:14\n[79.123ms] [rows:1] SELECT * FROM `gdxz_admin_menu` WHERE `gdxz_admin_menu`.`menu_id` = ?"
time="2023-06-06 15:48:37" level=info msg="/Users/wucongxing/Desktop/work/go/hospital-admin-api/api/dao/adminRoleMenu.go:14\n[245.862ms] [rows:1] SELECT * FROM `gdxz_admin_role_menu` WHERE role_id = ?"
time="2023-06-06 15:48:37" level=info msg="/Users/wucongxing/Desktop/work/go/hospital-admin-api/api/dao/adminMenuApi.go:14\n[77.240ms] [rows:2] SELECT * FROM `gdxz_admin_api` WHERE `gdxz_admin_api`.`api_id` IN (?,?)"
time="2023-06-06 15:48:37" level=info msg="/Users/wucongxing/Desktop/work/go/hospital-admin-api/api/dao/adminMenuApi.go:14\n[157.446ms] [rows:2] SELECT * FROM `gdxz_admin_menu_api` WHERE menu_id = ?"
time="2023-06-06 15:48:37" level=info msg=access http_status=403 ip=127.0.0.1 method=GET total_time=781.506833ms uri=/admin/basic/captcha-test/1
time="2023-06-06 15:48:54" level=info msg="/Users/wucongxing/Desktop/work/go/hospital-admin-api/api/dao/adminUser.go:14\n[101.544ms] [rows:1] SELECT * FROM `gdxz_admin_user` WHERE `gdxz_admin_user`.`user_id` = ? ORDER BY `gdxz_admin_user`.`user_id` LIMIT 1"
time="2023-06-06 15:48:54" level=info msg="/Users/wucongxing/Desktop/work/go/hospital-admin-api/api/dao/adminRole.go:14\n[95.947ms] [rows:1] SELECT * FROM `gdxz_admin_role` WHERE `gdxz_admin_role`.`role_id` = ? ORDER BY `gdxz_admin_role`.`role_id` LIMIT 1"
time="2023-06-06 15:48:54" level=info msg="/Users/wucongxing/Desktop/work/go/hospital-admin-api/api/dao/adminRoleMenu.go:14\n[100.236ms] [rows:1] SELECT * FROM `gdxz_admin_menu` WHERE `gdxz_admin_menu`.`menu_id` = ?"
time="2023-06-06 15:48:54" level=info msg="/Users/wucongxing/Desktop/work/go/hospital-admin-api/api/dao/adminRoleMenu.go:14\n[229.464ms] [rows:1] SELECT * FROM `gdxz_admin_role_menu` WHERE role_id = ?"
time="2023-06-06 15:48:54" level=info msg="/Users/wucongxing/Desktop/work/go/hospital-admin-api/api/dao/adminMenuApi.go:14\n[89.214ms] [rows:2] SELECT * FROM `gdxz_admin_api` WHERE `gdxz_admin_api`.`api_id` IN (?,?)"
time="2023-06-06 15:48:54" level=info msg="/Users/wucongxing/Desktop/work/go/hospital-admin-api/api/dao/adminMenuApi.go:14\n[319.414ms] [rows:2] SELECT * FROM `gdxz_admin_menu_api` WHERE menu_id = ?"
time="2023-06-06 15:48:54" level=info msg=access http_status=403 ip=127.0.0.1 method=GET total_time=777.393042ms uri=/admin/basic/captcha-test/1
time="2023-06-06 15:49:28" level=info msg="/Users/wucongxing/Desktop/work/go/hospital-admin-api/api/dao/adminUser.go:14\n[69.837ms] [rows:1] SELECT * FROM `gdxz_admin_user` WHERE `gdxz_admin_user`.`user_id` = ? ORDER BY `gdxz_admin_user`.`user_id` LIMIT 1"
time="2023-06-06 15:49:28" level=info msg="/Users/wucongxing/Desktop/work/go/hospital-admin-api/api/dao/adminRole.go:14\n[237.834ms] [rows:1] SELECT * FROM `gdxz_admin_role` WHERE `gdxz_admin_role`.`role_id` = ? ORDER BY `gdxz_admin_role`.`role_id` LIMIT 1"
time="2023-06-06 15:49:29" level=info msg="/Users/wucongxing/Desktop/work/go/hospital-admin-api/api/dao/adminRoleMenu.go:14\n[368.689ms] [rows:1] SELECT * FROM `gdxz_admin_menu` WHERE `gdxz_admin_menu`.`menu_id` = ?"
time="2023-06-06 15:49:29" level=info msg="/Users/wucongxing/Desktop/work/go/hospital-admin-api/api/dao/adminRoleMenu.go:14\n[815.363ms] [rows:1] SELECT * FROM `gdxz_admin_role_menu` WHERE role_id = ?"
time="2023-06-06 15:49:29" level=info msg="/Users/wucongxing/Desktop/work/go/hospital-admin-api/api/dao/adminMenuApi.go:14\n[78.174ms] [rows:2] SELECT * FROM `gdxz_admin_api` WHERE `gdxz_admin_api`.`api_id` IN (?,?)"
time="2023-06-06 15:49:29" level=info msg="/Users/wucongxing/Desktop/work/go/hospital-admin-api/api/dao/adminMenuApi.go:14\n[311.966ms] [rows:2] SELECT * FROM `gdxz_admin_menu_api` WHERE menu_id = ?"
time="2023-06-06 15:49:29" level=info msg=access http_status=403 ip=127.0.0.1 method=GET total_time=1.496466541s uri=/admin/basic/captcha-test/1
time="2023-06-06 15:49:50" level=info msg="/Users/wucongxing/Desktop/work/go/hospital-admin-api/api/dao/adminUser.go:14\n[137.080ms] [rows:1] SELECT * FROM `gdxz_admin_user` WHERE `gdxz_admin_user`.`user_id` = ? ORDER BY `gdxz_admin_user`.`user_id` LIMIT 1"
time="2023-06-06 15:49:50" level=info msg="/Users/wucongxing/Desktop/work/go/hospital-admin-api/api/dao/adminRole.go:14\n[83.773ms] [rows:1] SELECT * FROM `gdxz_admin_role` WHERE `gdxz_admin_role`.`role_id` = ? ORDER BY `gdxz_admin_role`.`role_id` LIMIT 1"
time="2023-06-06 15:49:50" level=info msg="/Users/wucongxing/Desktop/work/go/hospital-admin-api/api/dao/adminRoleMenu.go:14\n[101.484ms] [rows:1] SELECT * FROM `gdxz_admin_menu` WHERE `gdxz_admin_menu`.`menu_id` = ?"
time="2023-06-06 15:49:50" level=info msg="/Users/wucongxing/Desktop/work/go/hospital-admin-api/api/dao/adminRoleMenu.go:14\n[180.780ms] [rows:1] SELECT * FROM `gdxz_admin_role_menu` WHERE role_id = ?"
time="2023-06-06 15:49:51" level=info msg="/Users/wucongxing/Desktop/work/go/hospital-admin-api/api/dao/adminMenuApi.go:14\n[80.087ms] [rows:2] SELECT * FROM `gdxz_admin_api` WHERE `gdxz_admin_api`.`api_id` IN (?,?)"
time="2023-06-06 15:49:51" level=info msg="/Users/wucongxing/Desktop/work/go/hospital-admin-api/api/dao/adminMenuApi.go:14\n[168.184ms] [rows:2] SELECT * FROM `gdxz_admin_menu_api` WHERE menu_id = ?"
time="2023-06-06 15:49:51" level=info msg=access http_status=403 ip=127.0.0.1 method=GET total_time=601.733125ms uri=/admin/basic/captcha-test/1
time="2023-06-06 15:50:14" level=info msg="/Users/wucongxing/Desktop/work/go/hospital-admin-api/api/dao/adminUser.go:14\n[621.289ms] [rows:1] SELECT * FROM `gdxz_admin_user` WHERE `gdxz_admin_user`.`user_id` = ? ORDER BY `gdxz_admin_user`.`user_id` LIMIT 1"
time="2023-06-06 15:50:14" level=info msg="/Users/wucongxing/Desktop/work/go/hospital-admin-api/api/dao/adminRole.go:14\n[75.459ms] [rows:1] SELECT * FROM `gdxz_admin_role` WHERE `gdxz_admin_role`.`role_id` = ? ORDER BY `gdxz_admin_role`.`role_id` LIMIT 1"
time="2023-06-06 15:50:14" level=info msg="/Users/wucongxing/Desktop/work/go/hospital-admin-api/api/dao/adminRoleMenu.go:14\n[74.995ms] [rows:1] SELECT * FROM `gdxz_admin_menu` WHERE `gdxz_admin_menu`.`menu_id` = ?"
time="2023-06-06 15:50:14" level=info msg="/Users/wucongxing/Desktop/work/go/hospital-admin-api/api/dao/adminRoleMenu.go:14\n[151.761ms] [rows:1] SELECT * FROM `gdxz_admin_role_menu` WHERE role_id = ?"
time="2023-06-06 15:50:14" level=info msg="/Users/wucongxing/Desktop/work/go/hospital-admin-api/api/dao/adminMenuApi.go:14\n[77.763ms] [rows:2] SELECT * FROM `gdxz_admin_api` WHERE `gdxz_admin_api`.`api_id` IN (?,?)"
time="2023-06-06 15:50:14" level=info msg="/Users/wucongxing/Desktop/work/go/hospital-admin-api/api/dao/adminMenuApi.go:14\n[240.587ms] [rows:2] SELECT * FROM `gdxz_admin_menu_api` WHERE menu_id = ?"
time="2023-06-06 15:50:14" level=info msg=access http_status=200 ip=127.0.0.1 method=GET total_time=1.180819958s uri=/admin/basic/captcha-test/1
time="2023-06-06 15:50:28" level=info msg="/Users/wucongxing/Desktop/work/go/hospital-admin-api/api/dao/adminUser.go:14\n[181.699ms] [rows:1] SELECT * FROM `gdxz_admin_user` WHERE `gdxz_admin_user`.`user_id` = ? ORDER BY `gdxz_admin_user`.`user_id` LIMIT 1"
time="2023-06-06 15:50:28" level=info msg="/Users/wucongxing/Desktop/work/go/hospital-admin-api/api/dao/adminRole.go:14\n[94.019ms] [rows:1] SELECT * FROM `gdxz_admin_role` WHERE `gdxz_admin_role`.`role_id` = ? ORDER BY `gdxz_admin_role`.`role_id` LIMIT 1"
time="2023-06-06 15:50:29" level=info msg="/Users/wucongxing/Desktop/work/go/hospital-admin-api/api/dao/adminRoleMenu.go:14\n[579.757ms] [rows:1] SELECT * FROM `gdxz_admin_menu` WHERE `gdxz_admin_menu`.`menu_id` = ?"
time="2023-06-06 15:50:29" level=info msg="/Users/wucongxing/Desktop/work/go/hospital-admin-api/api/dao/adminRoleMenu.go:14\n[938.126ms] [rows:1] SELECT * FROM `gdxz_admin_role_menu` WHERE role_id = ?"
time="2023-06-06 15:50:29" level=info msg="/Users/wucongxing/Desktop/work/go/hospital-admin-api/api/dao/adminMenuApi.go:14\n[102.296ms] [rows:1] SELECT * FROM `gdxz_admin_api` WHERE `gdxz_admin_api`.`api_id` = ?"
time="2023-06-06 15:50:29" level=info msg="/Users/wucongxing/Desktop/work/go/hospital-admin-api/api/dao/adminMenuApi.go:14\n[184.123ms] [rows:1] SELECT * FROM `gdxz_admin_menu_api` WHERE menu_id = ?"
time="2023-06-06 15:50:29" level=info msg=access http_status=403 ip=127.0.0.1 method=GET total_time=1.43632375s uri=/admin/basic/captcha-test/1
time="2023-06-06 15:50:32" level=info msg="/Users/wucongxing/Desktop/work/go/hospital-admin-api/api/dao/adminUser.go:14\n[72.447ms] [rows:1] SELECT * FROM `gdxz_admin_user` WHERE `gdxz_admin_user`.`user_id` = ? ORDER BY `gdxz_admin_user`.`user_id` LIMIT 1"
time="2023-06-06 15:50:32" level=info msg="/Users/wucongxing/Desktop/work/go/hospital-admin-api/api/dao/adminRole.go:14\n[76.569ms] [rows:1] SELECT * FROM `gdxz_admin_role` WHERE `gdxz_admin_role`.`role_id` = ? ORDER BY `gdxz_admin_role`.`role_id` LIMIT 1"
time="2023-06-06 15:50:32" level=info msg="/Users/wucongxing/Desktop/work/go/hospital-admin-api/api/dao/adminRoleMenu.go:14\n[91.087ms] [rows:1] SELECT * FROM `gdxz_admin_menu` WHERE `gdxz_admin_menu`.`menu_id` = ?"
time="2023-06-06 15:50:32" level=info msg="/Users/wucongxing/Desktop/work/go/hospital-admin-api/api/dao/adminRoleMenu.go:14\n[674.148ms] [rows:1] SELECT * FROM `gdxz_admin_role_menu` WHERE role_id = ?"
time="2023-06-06 15:50:33" level=info msg="/Users/wucongxing/Desktop/work/go/hospital-admin-api/api/dao/adminMenuApi.go:14\n[493.319ms] [rows:1] SELECT * FROM `gdxz_admin_api` WHERE `gdxz_admin_api`.`api_id` = ?"
time="2023-06-06 15:50:33" level=info msg="/Users/wucongxing/Desktop/work/go/hospital-admin-api/api/dao/adminMenuApi.go:14\n[598.039ms] [rows:1] SELECT * FROM `gdxz_admin_menu_api` WHERE menu_id = ?"
time="2023-06-06 15:50:33" level=info msg=access http_status=403 ip=127.0.0.1 method=GET total_time=1.477261375s uri=/admin/basic/captcha-test/1
